param/e03trigger_ajustment.txt

RGN2_4::Delay_Beam                   1
RGN2_4::Delay_SAC                   11
RGN2_4::Delay_TOF                   13
RGN2_4::Delay_LC                    11
<<<<<<< HEAD
RGN2_4::Delay_TOF_HT                13
RGN2_4::Delay_Other4                15
=======
RGN2_4::Delay_TOF_HT                 7
RGN2_4::Delay_Other4                11
>>>>>>> 8f8035e224460a269bb5d4e591d850172e942b42
RGN2_4::Delay_Other5                11
RGN2_4::Width_Beam                   1
RGN2_4::Width_SAC                    8
RGN2_4::Width_TOF                    8
RGN2_4::Width_LC                     8
RGN2_4::Width_TOF_HT                12
RGN2_4::Width_Other4                 8
RGN2_4::Width_Other5                 8
RGN2_4::Coin_ctrl_7                 82
RGN2_4::Coin_coin_7                 82
RGN2_6::Delay_Beam_E03               1
RGN2_6::Delay_Other1_E03             1
RGN2_6::Delay_Other2_E03             1
RGN2_6::Delay_Other3_E03             1
RGN2_6::Delay_Other4_E03             1
RGN2_6::Delay_Other5_E03             1
RGN2_6::Width_Beam_E03               8
RGN2_6::Width_Other1_E03             8
RGN2_6::Width_Other2_E03             8
RGN2_6::Width_Other3_E03             8
RGN2_6::Width_Other4_E03             8
RGN2_6::Width_Other5_E03             8
RGN2_6::Coin_ctrl_6                  0
RGN2_6::Coin_coin_6                  0
RGN3::Delay_PS_OR                    1
RGN3::Delay_all_Else_OR              1
RGN3::Width_Else_OR                 12
RGN3::Delay_part_Else_OR             3
RGN3::Delay_K_Scat                   1
RGN3::Width_K_Scat                  31
