param/TOF_OR_Trigger.txt

RGN1::SEL_TOF                      255
RGN1::Delay_BH1_Beam                 1
RGN1::Delay_BH2_Beam                 1
RGN1::Delay_BH1_Pi                   1
RGN1::Delay_BH2_Pi                   1
RGN1::Delay_BH1_P                    1
RGN1::Delay_BH2_P                    1
RGN1::Width_BH1_Beam                 4
RGN1::Width_BH2_Beam                 4
RGN1::Width_BH1_Pi                   4
RGN1::Width_BH2_Pi                   4
RGN1::Width_BH1_P                    4
RGN1::Width_BH2_P                    4
RGN1::Delay_SAC_K_Scat               1
RGN1::Delay_TOF_K_Scat               1
RGN1::Delay_LC_K_Scat                1
RGN1::Delay_TOF_HT_K_Scat            1
RGN1::Delay_Other4_K_Scat            1
RGN1::Delay_Other5_K_Scat            1
RGN1::Width_SAC_K_Scat              12
RGN1::Width_TOF_K_Scat              12
RGN1::Width_Lucite_K_Scat           12
RGN1::Width_TOF_HT_K_Scat           12
RGN1::Width_Other4_K_Scat           12
RGN1::Width_Other5_K_Scat           12
RGN1::Delay_K_Scat                   1
RGN1::Width_K_Scat                  12
RGN1::Coin_ctrl_Beam                 0
RGN1::Coin_coin_Beam                 0
RGN1::Coin_ctrl_K_Scat               0
RGN1::Coin_coin_K_Scat               0
RGN2_1::Delay_Beam                   1
RGN2_1::Delay_SAC                    1
RGN2_1::Delay_TOF                    1
RGN2_1::Delay_LC                     1
RGN2_1::Delay_TOF_HT                 1
RGN2_1::Delay_Other4                 1
RGN2_1::Delay_Other5                 1
RGN2_1::Width_Beam                   8
RGN2_1::Width_SAC                    8
RGN2_1::Width_TOF                    8
RGN2_1::Width_LC                     8
RGN2_1::Width_TOF_HT                 8
RGN2_1::Width_Other4                 8
RGN2_1::Width_Other5                 8
RGN2_1::Coin_ctrl_7                 16
RGN2_1::Coin_coin_7                 16
RGN2_2::Delay_Beam                   1
RGN2_2::Delay_SAC                    1
RGN2_2::Delay_TOF                    1
RGN2_2::Delay_LC                     1
RGN2_2::Delay_TOF_HT                 1
RGN2_2::Delay_Other4                 1
RGN2_2::Delay_Other5                 1
RGN2_2::Width_Beam                   8
RGN2_2::Width_SAC                    8
RGN2_2::Width_TOF                    8
RGN2_2::Width_LC                     8
RGN2_2::Width_TOF_HT                 8
RGN2_2::Width_Other4                 8
RGN2_2::Width_Other5                 8
RGN2_2::Coin_ctrl_7                  0
RGN2_2::Coin_coin_7                  0
RGN2_3::Delay_Beam                   1
RGN2_3::Delay_SAC                    1
RGN2_3::Delay_TOF                    1
RGN2_3::Delay_LC                     1
RGN2_3::Delay_TOF_HT                 1
RGN2_3::Delay_Other4                 1
RGN2_3::Delay_Other5                 1
RGN2_3::Width_Beam                   8
RGN2_3::Width_SAC                    8
RGN2_3::Width_TOF                    8
RGN2_3::Width_LC                     8
RGN2_3::Width_TOF_HT                 8
RGN2_3::Width_Other4                 8
RGN2_3::Width_Other5                 8
RGN2_3::Coin_ctrl_7                  0
RGN2_3::Coin_coin_7                  0
RGN2_4::Delay_Beam                   1
RGN2_4::Delay_SAC                    1
RGN2_4::Delay_TOF                    1
RGN2_4::Delay_LC                     1
RGN2_4::Delay_TOF_HT                 1
RGN2_4::Delay_Other4                 1
RGN2_4::Delay_Other5                 1
RGN2_4::Width_Beam                   8
RGN2_4::Width_SAC                    8
RGN2_4::Width_TOF                    8
RGN2_4::Width_LC                     8
RGN2_4::Width_TOF_HT                 8
RGN2_4::Width_Other4                 8
RGN2_4::Width_Other5                 8
RGN2_4::Coin_ctrl_7                  0
RGN2_4::Coin_coin_7                  0
RGN2_5::Delay_Beam                   1
RGN2_5::Delay_SAC                    1
RGN2_5::Delay_TOF                    1
RGN2_5::Delay_LC                     1
RGN2_5::Delay_TOF_HT                 1
RGN2_5::Delay_Other4                 1
RGN2_5::Delay_Other5                 1
RGN2_5::Width_Beam                   8
RGN2_5::Width_SAC                    8
RGN2_5::Width_TOF                    8
RGN2_5::Width_LC                     8
RGN2_5::Width_TOF_HT                 8
RGN2_5::Width_Other4                 8
RGN2_5::Width_Other5                 8
RGN2_5::Coin_ctrl_7                  0
RGN2_5::Coin_coin_7                  0
RGN2_6::Delay_Beam_E03               1
RGN2_6::Delay_Other1_E03             1
RGN2_6::Delay_Other2_E03             1
RGN2_6::Delay_Other3_E03             1
RGN2_6::Delay_Other4_E03             1
RGN2_6::Delay_Other5_E03             1
RGN2_6::Width_Beam_E03               8
RGN2_6::Width_Other1_E03             8
RGN2_6::Width_Other2_E03             8
RGN2_6::Width_Other3_E03             8
RGN2_6::Width_Other4_E03             8
RGN2_6::Width_Other5_E03             8
RGN2_6::Coin_coin_6                  0
RGN2_6::Coin_coin_6                  0
RGN3::Selector_PS                   32
RGN3::RST_PSCNT                      0
RGN3::Delay_PS_OR                    1
RGN3::Delay_all_Else_OR              1
RGN3::Width_Else_OR                 12
RGN3::Delay_part_Else_OR             1
RGN3::Delay_K_Scat                   6
RGN3::Width_K_Scat                   5
RGN4::Delay_BH2                      6
RGN4::Delay_BH2_K                    1
RGN4::Width_BH2_K                    4
RGN4::Selector_8                     0
RGN4::Selector_Clock                 0
RGN4::Selector_Reserve2              0
RGN3::PreScale_Beam                  0
RGN3::PreScale_Beam_TOF              0
RGN3::PreScale_Beam_Pi               0
RGN3::PreScale_Beam_P                0
RGN3::PreScale_Coin1                 0
RGN3::PreScale_Coin2                 0
RGN3::PreScale_For_E03               0
